<?xml version="1.0" encoding="UTF-8"?>
<!-- Generated by org.testng.reporters.JUnitReportReporter -->
<testsuite hostname="LAPTOP-J5DNP8DQ" name="TestNGDemo.Practice2" tests="1" failures="0" timestamp="1 Jan 2021 12:56:01 GMT" time="0.005" errors="0">
  <testcase name="setData" time="0.005" classname="TestNGDemo.Practice2"/>
</testsuite> <!-- TestNGDemo.Practice2 -->
