<?xml version="1.0" encoding="UTF-8"?>
<!-- Generated by org.testng.reporters.JUnitReportReporter -->
<testsuite hostname="LAPTOP-J5DNP8DQ" name="TestNGDemo.TestNGdemo" tests="1" failures="0" timestamp="26 Feb 2021 10:31:51 GMT" time="0.014" errors="0">
  <testcase name="Verification" time="0.014" classname="TestNGDemo.TestNGdemo"/>
</testsuite> <!-- TestNGDemo.TestNGdemo -->
