<?xml version="1.0" encoding="UTF-8"?>
<!-- Generated by org.testng.reporters.JUnitReportReporter -->
<testsuite hostname="LAPTOP-J5DNP8DQ" name="TestNGDemo.Practice" tests="1" failures="0" timestamp="24 Nov 2021 09:57:24 GMT" time="0.011" errors="0">
  <testcase name="setData" time="0.011" classname="TestNGDemo.Practice"/>
</testsuite> <!-- TestNGDemo.Practice -->
