<?xml version="1.0" encoding="UTF-8"?>
<!-- Generated by org.testng.reporters.JUnitReportReporter -->
<testsuite hostname="LAPTOP-J5DNP8DQ" name="TestNGDemo.practice3" tests="5" failures="0" timestamp="1 Jan 2021 12:56:01 GMT" time="0.010" errors="0">
  <testcase name="getdata" time="0.002" classname="TestNGDemo.practice3"/>
  <testcase name="getafter" time="0.002" classname="TestNGDemo.practice3"/>
  <testcase name="getbefor" time="0.002" classname="TestNGDemo.practice3"/>
  <testcase name="practice" time="0.001" classname="TestNGDemo.practice3"/>
  <testcase name="afterpractice" time="0.003" classname="TestNGDemo.practice3"/>
</testsuite> <!-- TestNGDemo.practice3 -->
