<?xml version="1.0" encoding="UTF-8"?>
<!-- Generated by org.testng.reporters.JUnitReportReporter -->
<testsuite hostname="LAPTOP-J5DNP8DQ" name="TestNGDemo.practice4" tests="4" failures="0" timestamp="4 Feb 2021 05:18:49 GMT" time="0.014" errors="0">
  <testcase name="depends" time="0.002" classname="TestNGDemo.practice4"/>
  <testcase name="getdata" time="0.002" classname="TestNGDemo.practice4"/>
  <testcase name="database" time="0.008" classname="TestNGDemo.practice4"/>
  <testcase name="output" time="0.002" classname="TestNGDemo.practice4"/>
</testsuite> <!-- TestNGDemo.practice4 -->
